Build started 11/21/2012 2:47:03 PM.
     1>Project "S:\git\Direct3DHook2\D3D11Text\D3D11Text.vcxproj" on node 2 (build target(s)).
     1>InitializeBuildStatus:
         Touching "Debug\D3D11Text.unsuccessfulbuild".
       ClCompile:
         C:\Program Files (x86)\Microsoft Visual Studio 10.0\VC\bin\CL.exe /c /ZI /nologo /W3 /WX- /Od /Oy- /D WIN32 /D _DEBUG /D _WINDOWS /D _USRDLL /D D3D11TEXT_EXPORTS /D _WINDLL /D _UNICODE /D UNICODE /Gm /EHsc /RTC1 /MDd /GS /fp:precise /Zc:wchar_t /Zc:forScope /Fo"Debug\\" /Fd"Debug\vc100.pdb" /Gd /TP /analyze- /errorReport:prompt DX11FontWrapper.cpp
         DX11FontWrapper.cpp
     1>s:\git\direct3dhook2\d3d11text\dx11fontwrapper.cpp(1): fatal error C1083: Cannot open include file: 'StdAfx.h': No such file or directory
     1>Done Building Project "S:\git\Direct3DHook2\D3D11Text\D3D11Text.vcxproj" (build target(s)) -- FAILED.

Build FAILED.

Time Elapsed 00:00:00.11
